[3.279s] Invoking command in '/home/baquy4/ros2_ws/src/line_detector': PYTHONPATH=/home/baquy4/ros2_ws/build/line_detector/prefix_override:/usr/lib/python3/dist-packages/colcon_core/task/python/colcon_distutils_commands:/home/baquy4/ros2_ws/install/line_detector/lib/python3.10/site-packages:${PYTHONPATH} /usr/bin/python3 -W ignore:setup.py install is deprecated -W ignore:easy_install command is deprecated setup.py egg_info --egg-base ../../build/line_detector build --build-base /home/baquy4/ros2_ws/build/line_detector/build install --record /home/baquy4/ros2_ws/build/line_detector/install.log --single-version-externally-managed install_data
[4.537s] running egg_info
[4.540s] creating ../../build/line_detector/line_detector.egg-info
[4.541s] writing ../../build/line_detector/line_detector.egg-info/PKG-INFO
[4.542s] writing dependency_links to ../../build/line_detector/line_detector.egg-info/dependency_links.txt
[4.544s] writing entry points to ../../build/line_detector/line_detector.egg-info/entry_points.txt
[4.545s] writing requirements to ../../build/line_detector/line_detector.egg-info/requires.txt
[4.545s] writing top-level names to ../../build/line_detector/line_detector.egg-info/top_level.txt
[4.547s] writing manifest file '../../build/line_detector/line_detector.egg-info/SOURCES.txt'
[4.554s] reading manifest file '../../build/line_detector/line_detector.egg-info/SOURCES.txt'
[4.560s] writing manifest file '../../build/line_detector/line_detector.egg-info/SOURCES.txt'
[4.562s] running build
[4.562s] running build_py
[4.563s] creating /home/baquy4/ros2_ws/build/line_detector/build
[4.564s] creating /home/baquy4/ros2_ws/build/line_detector/build/lib
[4.564s] creating /home/baquy4/ros2_ws/build/line_detector/build/lib/line_detector
[4.565s] copying line_detector/__init__.py -> /home/baquy4/ros2_ws/build/line_detector/build/lib/line_detector
[4.565s] copying line_detector/line_detector_node.py -> /home/baquy4/ros2_ws/build/line_detector/build/lib/line_detector
[4.565s] running install
[4.567s] running install_lib
[4.570s] creating /home/baquy4/ros2_ws/install/line_detector/lib/python3.10/site-packages/line_detector
[4.570s] copying /home/baquy4/ros2_ws/build/line_detector/build/lib/line_detector/__init__.py -> /home/baquy4/ros2_ws/install/line_detector/lib/python3.10/site-packages/line_detector
[4.571s] copying /home/baquy4/ros2_ws/build/line_detector/build/lib/line_detector/line_detector_node.py -> /home/baquy4/ros2_ws/install/line_detector/lib/python3.10/site-packages/line_detector
[4.574s] byte-compiling /home/baquy4/ros2_ws/install/line_detector/lib/python3.10/site-packages/line_detector/__init__.py to __init__.cpython-310.pyc
[4.575s] byte-compiling /home/baquy4/ros2_ws/install/line_detector/lib/python3.10/site-packages/line_detector/line_detector_node.py to line_detector_node.cpython-310.pyc
[4.578s] running install_data
[4.579s] creating /home/baquy4/ros2_ws/install/line_detector/share/ament_index
[4.579s] creating /home/baquy4/ros2_ws/install/line_detector/share/ament_index/resource_index
[4.580s] creating /home/baquy4/ros2_ws/install/line_detector/share/ament_index/resource_index/packages
[4.580s] copying resource/line_detector -> /home/baquy4/ros2_ws/install/line_detector/share/ament_index/resource_index/packages
[4.581s] copying package.xml -> /home/baquy4/ros2_ws/install/line_detector/share/line_detector
[4.581s] running install_egg_info
[4.591s] Copying ../../build/line_detector/line_detector.egg-info to /home/baquy4/ros2_ws/install/line_detector/lib/python3.10/site-packages/line_detector-0.0.0-py3.10.egg-info
[4.597s] running install_scripts
[4.691s] Installing line_detector_node script to /home/baquy4/ros2_ws/install/line_detector/lib/line_detector
[4.693s] writing list of installed files to '/home/baquy4/ros2_ws/build/line_detector/install.log'
[4.837s] Invoked command in '/home/baquy4/ros2_ws/src/line_detector' returned '0': PYTHONPATH=/home/baquy4/ros2_ws/build/line_detector/prefix_override:/usr/lib/python3/dist-packages/colcon_core/task/python/colcon_distutils_commands:/home/baquy4/ros2_ws/install/line_detector/lib/python3.10/site-packages:${PYTHONPATH} /usr/bin/python3 -W ignore:setup.py install is deprecated -W ignore:easy_install command is deprecated setup.py egg_info --egg-base ../../build/line_detector build --build-base /home/baquy4/ros2_ws/build/line_detector/build install --record /home/baquy4/ros2_ws/build/line_detector/install.log --single-version-externally-managed install_data
