[0.530s] DEBUG:colcon:Command line arguments: ['/usr/bin/colcon', 'build']
[0.531s] DEBUG:colcon:Parsed command line arguments: Namespace(log_base=None, log_level=None, verb_name='build', build_base='build', install_base='install', merge_install=False, symlink_install=False, test_result_base=None, continue_on_error=False, executor='parallel', parallel_workers=4, event_handlers=None, ignore_user_meta=False, metas=['./colcon.meta'], base_paths=['.'], packages_ignore=None, packages_ignore_regex=None, paths=None, packages_up_to=None, packages_up_to_regex=None, packages_above=None, packages_above_and_dependencies=None, packages_above_depth=None, packages_select_by_dep=None, packages_skip_by_dep=None, packages_skip_up_to=None, packages_select_build_failed=False, packages_skip_build_finished=False, packages_select_test_failures=False, packages_skip_test_passed=False, packages_select=None, packages_skip=None, packages_select_regex=None, packages_skip_regex=None, packages_start=None, packages_end=None, allow_overriding=[], cmake_args=None, cmake_target=None, cmake_target_skip_unavailable=False, cmake_clean_cache=False, cmake_clean_first=False, cmake_force_configure=False, ament_cmake_args=None, catkin_cmake_args=None, catkin_skip_building_tests=False, mixin_files=None, mixin=None, verb_parser=<colcon_mixin.mixin.mixin_argument.MixinArgumentDecorator object at 0xffff9a8056f0>, verb_extension=<colcon_core.verb.build.BuildVerb object at 0xffff9a9b2680>, main=<bound method BuildVerb.main of <colcon_core.verb.build.BuildVerb object at 0xffff9a9b2680>>, mixin_verb=('build',))
[1.464s] Level 1:colcon.colcon_core.package_discovery:discover_packages(colcon_meta) check parameters
[1.465s] Level 1:colcon.colcon_core.package_discovery:discover_packages(recursive) check parameters
[1.465s] Level 1:colcon.colcon_core.package_discovery:discover_packages(ignore) check parameters
[1.465s] Level 1:colcon.colcon_core.package_discovery:discover_packages(path) check parameters
[1.465s] Level 1:colcon.colcon_core.package_discovery:discover_packages(colcon_meta) discover
[1.465s] Level 1:colcon.colcon_core.package_discovery:discover_packages(recursive) discover
[1.465s] INFO:colcon.colcon_core.package_discovery:Crawling recursively for packages in '/home/baquy4/ros2_ws'
[1.466s] Level 1:colcon.colcon_core.package_identification:_identify(.) by extensions ['ignore', 'ignore_ament_install']
[1.466s] Level 1:colcon.colcon_core.package_identification:_identify(.) by extension 'ignore'
[1.466s] Level 1:colcon.colcon_core.package_identification:_identify(.) by extension 'ignore_ament_install'
[1.467s] Level 1:colcon.colcon_core.package_identification:_identify(.) by extensions ['colcon_pkg']
[1.467s] Level 1:colcon.colcon_core.package_identification:_identify(.) by extension 'colcon_pkg'
[1.467s] Level 1:colcon.colcon_core.package_identification:_identify(.) by extensions ['colcon_meta']
[1.467s] Level 1:colcon.colcon_core.package_identification:_identify(.) by extension 'colcon_meta'
[1.467s] Level 1:colcon.colcon_core.package_identification:_identify(.) by extensions ['ros']
[1.467s] Level 1:colcon.colcon_core.package_identification:_identify(.) by extension 'ros'
[1.517s] Level 1:colcon.colcon_core.package_identification:_identify(.) by extensions ['cmake', 'python']
[1.517s] Level 1:colcon.colcon_core.package_identification:_identify(.) by extension 'cmake'
[1.517s] Level 1:colcon.colcon_core.package_identification:_identify(.) by extension 'python'
[1.517s] Level 1:colcon.colcon_core.package_identification:_identify(.) by extensions ['python_setup_py']
[1.518s] Level 1:colcon.colcon_core.package_identification:_identify(.) by extension 'python_setup_py'
[1.518s] Level 1:colcon.colcon_core.package_identification:_identify(build) by extensions ['ignore', 'ignore_ament_install']
[1.518s] Level 1:colcon.colcon_core.package_identification:_identify(build) by extension 'ignore'
[1.519s] Level 1:colcon.colcon_core.package_identification:_identify(build) ignored
[1.519s] Level 1:colcon.colcon_core.package_identification:_identify(install) by extensions ['ignore', 'ignore_ament_install']
[1.520s] Level 1:colcon.colcon_core.package_identification:_identify(install) by extension 'ignore'
[1.520s] Level 1:colcon.colcon_core.package_identification:_identify(install) ignored
[1.520s] Level 1:colcon.colcon_core.package_identification:_identify(log) by extensions ['ignore', 'ignore_ament_install']
[1.521s] Level 1:colcon.colcon_core.package_identification:_identify(log) by extension 'ignore'
[1.521s] Level 1:colcon.colcon_core.package_identification:_identify(log) ignored
[1.521s] Level 1:colcon.colcon_core.package_identification:_identify(src) by extensions ['ignore', 'ignore_ament_install']
[1.521s] Level 1:colcon.colcon_core.package_identification:_identify(src) by extension 'ignore'
[1.522s] Level 1:colcon.colcon_core.package_identification:_identify(src) by extension 'ignore_ament_install'
[1.522s] Level 1:colcon.colcon_core.package_identification:_identify(src) by extensions ['colcon_pkg']
[1.522s] Level 1:colcon.colcon_core.package_identification:_identify(src) by extension 'colcon_pkg'
[1.522s] Level 1:colcon.colcon_core.package_identification:_identify(src) by extensions ['colcon_meta']
[1.522s] Level 1:colcon.colcon_core.package_identification:_identify(src) by extension 'colcon_meta'
[1.522s] Level 1:colcon.colcon_core.package_identification:_identify(src) by extensions ['ros']
[1.523s] Level 1:colcon.colcon_core.package_identification:_identify(src) by extension 'ros'
[1.523s] Level 1:colcon.colcon_core.package_identification:_identify(src) by extensions ['cmake', 'python']
[1.523s] Level 1:colcon.colcon_core.package_identification:_identify(src) by extension 'cmake'
[1.523s] Level 1:colcon.colcon_core.package_identification:_identify(src) by extension 'python'
[1.523s] Level 1:colcon.colcon_core.package_identification:_identify(src) by extensions ['python_setup_py']
[1.523s] Level 1:colcon.colcon_core.package_identification:_identify(src) by extension 'python_setup_py'
[1.524s] Level 1:colcon.colcon_core.package_identification:_identify(src/line_detector) by extensions ['ignore', 'ignore_ament_install']
[1.524s] Level 1:colcon.colcon_core.package_identification:_identify(src/line_detector) by extension 'ignore'
[1.525s] Level 1:colcon.colcon_core.package_identification:_identify(src/line_detector) by extension 'ignore_ament_install'
[1.525s] Level 1:colcon.colcon_core.package_identification:_identify(src/line_detector) by extensions ['colcon_pkg']
[1.525s] Level 1:colcon.colcon_core.package_identification:_identify(src/line_detector) by extension 'colcon_pkg'
[1.525s] Level 1:colcon.colcon_core.package_identification:_identify(src/line_detector) by extensions ['colcon_meta']
[1.525s] Level 1:colcon.colcon_core.package_identification:_identify(src/line_detector) by extension 'colcon_meta'
[1.525s] Level 1:colcon.colcon_core.package_identification:_identify(src/line_detector) by extensions ['ros']
[1.525s] Level 1:colcon.colcon_core.package_identification:_identify(src/line_detector) by extension 'ros'
[1.535s] DEBUG:colcon.colcon_core.package_identification:Package 'src/line_detector' with type 'ros.ament_python' and name 'line_detector'
[1.535s] Level 1:colcon.colcon_core.package_discovery:discover_packages(recursive) using defaults
[1.535s] Level 1:colcon.colcon_core.package_discovery:discover_packages(ignore) discover
[1.535s] Level 1:colcon.colcon_core.package_discovery:discover_packages(ignore) using defaults
[1.535s] Level 1:colcon.colcon_core.package_discovery:discover_packages(path) discover
[1.536s] Level 1:colcon.colcon_core.package_discovery:discover_packages(path) using defaults
[1.669s] Level 1:colcon.colcon_core.package_discovery:discover_packages(prefix_path) check parameters
[1.669s] Level 1:colcon.colcon_core.package_discovery:discover_packages(prefix_path) discover
[1.677s] WARNING:colcon.colcon_ros.prefix_path.ament:The path '/home/baquy4/ros2_ws/install/line_detector' in the environment variable AMENT_PREFIX_PATH doesn't exist
[1.681s] DEBUG:colcon.colcon_installed_package_information.package_discovery:Found 0 installed packages in /home/baquy4/ros2_ws/install
[1.690s] DEBUG:colcon.colcon_installed_package_information.package_discovery:Found 274 installed packages in /opt/ros/humble
[1.696s] Level 1:colcon.colcon_core.package_discovery:discover_packages(prefix_path) using defaults
[1.889s] Level 5:colcon.colcon_core.verb:set package 'line_detector' build argument 'cmake_args' from command line to 'None'
[1.890s] Level 5:colcon.colcon_core.verb:set package 'line_detector' build argument 'cmake_target' from command line to 'None'
[1.890s] Level 5:colcon.colcon_core.verb:set package 'line_detector' build argument 'cmake_target_skip_unavailable' from command line to 'False'
[1.890s] Level 5:colcon.colcon_core.verb:set package 'line_detector' build argument 'cmake_clean_cache' from command line to 'False'
[1.890s] Level 5:colcon.colcon_core.verb:set package 'line_detector' build argument 'cmake_clean_first' from command line to 'False'
[1.890s] Level 5:colcon.colcon_core.verb:set package 'line_detector' build argument 'cmake_force_configure' from command line to 'False'
[1.890s] Level 5:colcon.colcon_core.verb:set package 'line_detector' build argument 'ament_cmake_args' from command line to 'None'
[1.890s] Level 5:colcon.colcon_core.verb:set package 'line_detector' build argument 'catkin_cmake_args' from command line to 'None'
[1.890s] Level 5:colcon.colcon_core.verb:set package 'line_detector' build argument 'catkin_skip_building_tests' from command line to 'False'
[1.890s] DEBUG:colcon.colcon_core.verb:Building package 'line_detector' with the following arguments: {'ament_cmake_args': None, 'build_base': '/home/baquy4/ros2_ws/build/line_detector', 'catkin_cmake_args': None, 'catkin_skip_building_tests': False, 'cmake_args': None, 'cmake_clean_cache': False, 'cmake_clean_first': False, 'cmake_force_configure': False, 'cmake_target': None, 'cmake_target_skip_unavailable': False, 'install_base': '/home/baquy4/ros2_ws/install/line_detector', 'merge_install': False, 'path': '/home/baquy4/ros2_ws/src/line_detector', 'symlink_install': False, 'test_result_base': None}
[1.891s] INFO:colcon.colcon_core.executor:Executing jobs using 'parallel' executor
[1.894s] DEBUG:colcon.colcon_parallel_executor.executor.parallel:run_until_complete
[1.896s] INFO:colcon.colcon_ros.task.ament_python.build:Building ROS package in '/home/baquy4/ros2_ws/src/line_detector' with build type 'ament_python'
[1.896s] Level 1:colcon.colcon_core.shell:create_environment_hook('line_detector', 'ament_prefix_path')
[1.909s] INFO:colcon.colcon_core.plugin_system:Skipping extension 'colcon_core.shell.bat': Not used on non-Windows systems
[1.910s] INFO:colcon.colcon_core.shell:Creating environment hook '/home/baquy4/ros2_ws/install/line_detector/share/line_detector/hook/ament_prefix_path.ps1'
[1.913s] INFO:colcon.colcon_core.shell:Creating environment descriptor '/home/baquy4/ros2_ws/install/line_detector/share/line_detector/hook/ament_prefix_path.dsv'
[1.915s] INFO:colcon.colcon_core.shell:Creating environment hook '/home/baquy4/ros2_ws/install/line_detector/share/line_detector/hook/ament_prefix_path.sh'
[1.918s] INFO:colcon.colcon_core.shell:Skip shell extension 'powershell' for command environment: Not usable outside of PowerShell
[1.919s] DEBUG:colcon.colcon_core.shell:Skip shell extension 'dsv' for command environment
[3.356s] INFO:colcon.colcon_core.task.python.build:Building Python package in '/home/baquy4/ros2_ws/src/line_detector'
[3.357s] INFO:colcon.colcon_core.shell:Skip shell extension 'powershell' for command environment: Not usable outside of PowerShell
[3.357s] DEBUG:colcon.colcon_core.shell:Skip shell extension 'dsv' for command environment
[5.181s] DEBUG:colcon.colcon_core.event_handler.log_command:Invoking command in '/home/baquy4/ros2_ws/src/line_detector': PYTHONPATH=/home/baquy4/ros2_ws/build/line_detector/prefix_override:/usr/lib/python3/dist-packages/colcon_core/task/python/colcon_distutils_commands:/home/baquy4/ros2_ws/install/line_detector/lib/python3.10/site-packages:${PYTHONPATH} /usr/bin/python3 -W ignore:setup.py install is deprecated -W ignore:easy_install command is deprecated setup.py egg_info --egg-base ../../build/line_detector build --build-base /home/baquy4/ros2_ws/build/line_detector/build install --record /home/baquy4/ros2_ws/build/line_detector/install.log --single-version-externally-managed install_data
[6.734s] DEBUG:colcon.colcon_core.event_handler.log_command:Invoked command in '/home/baquy4/ros2_ws/src/line_detector' returned '0': PYTHONPATH=/home/baquy4/ros2_ws/build/line_detector/prefix_override:/usr/lib/python3/dist-packages/colcon_core/task/python/colcon_distutils_commands:/home/baquy4/ros2_ws/install/line_detector/lib/python3.10/site-packages:${PYTHONPATH} /usr/bin/python3 -W ignore:setup.py install is deprecated -W ignore:easy_install command is deprecated setup.py egg_info --egg-base ../../build/line_detector build --build-base /home/baquy4/ros2_ws/build/line_detector/build install --record /home/baquy4/ros2_ws/build/line_detector/install.log --single-version-externally-managed install_data
[6.752s] Level 1:colcon.colcon_core.environment:checking '/home/baquy4/ros2_ws/install/line_detector' for CMake module files
[6.755s] Level 1:colcon.colcon_core.environment:checking '/home/baquy4/ros2_ws/install/line_detector' for CMake config files
[6.758s] Level 1:colcon.colcon_core.environment:checking '/home/baquy4/ros2_ws/install/line_detector/lib'
[6.759s] Level 1:colcon.colcon_core.environment:checking '/home/baquy4/ros2_ws/install/line_detector/bin'
[6.760s] Level 1:colcon.colcon_core.environment:checking '/home/baquy4/ros2_ws/install/line_detector/lib/pkgconfig/line_detector.pc'
[6.761s] Level 1:colcon.colcon_core.environment:checking '/home/baquy4/ros2_ws/install/line_detector/lib/python3.10/site-packages'
[6.761s] Level 1:colcon.colcon_core.shell:create_environment_hook('line_detector', 'pythonpath')
[6.762s] INFO:colcon.colcon_core.shell:Creating environment hook '/home/baquy4/ros2_ws/install/line_detector/share/line_detector/hook/pythonpath.ps1'
[6.764s] INFO:colcon.colcon_core.shell:Creating environment descriptor '/home/baquy4/ros2_ws/install/line_detector/share/line_detector/hook/pythonpath.dsv'
[6.766s] INFO:colcon.colcon_core.shell:Creating environment hook '/home/baquy4/ros2_ws/install/line_detector/share/line_detector/hook/pythonpath.sh'
[6.768s] Level 1:colcon.colcon_core.environment:checking '/home/baquy4/ros2_ws/install/line_detector/bin'
[6.768s] Level 1:colcon.colcon_core.environment:create_environment_scripts_only(line_detector)
[6.770s] INFO:colcon.colcon_core.shell:Creating package script '/home/baquy4/ros2_ws/install/line_detector/share/line_detector/package.ps1'
[6.773s] INFO:colcon.colcon_core.shell:Creating package descriptor '/home/baquy4/ros2_ws/install/line_detector/share/line_detector/package.dsv'
[6.776s] INFO:colcon.colcon_core.shell:Creating package script '/home/baquy4/ros2_ws/install/line_detector/share/line_detector/package.sh'
[6.780s] INFO:colcon.colcon_core.shell:Creating package script '/home/baquy4/ros2_ws/install/line_detector/share/line_detector/package.bash'
[6.786s] INFO:colcon.colcon_core.shell:Creating package script '/home/baquy4/ros2_ws/install/line_detector/share/line_detector/package.zsh'
[6.789s] Level 1:colcon.colcon_core.environment:create_file_with_runtime_dependencies(/home/baquy4/ros2_ws/install/line_detector/share/colcon-core/packages/line_detector)
[6.791s] DEBUG:colcon.colcon_parallel_executor.executor.parallel:closing loop
[6.793s] DEBUG:colcon.colcon_parallel_executor.executor.parallel:loop closed
[6.793s] DEBUG:colcon.colcon_parallel_executor.executor.parallel:run_until_complete finished with '0'
[6.793s] DEBUG:colcon.colcon_core.event_reactor:joining thread
[6.819s] INFO:colcon.colcon_core.plugin_system:Skipping extension 'colcon_notification.desktop_notification.terminal_notifier': Not used on non-Darwin systems
[6.819s] INFO:colcon.colcon_core.plugin_system:Skipping extension 'colcon_notification.desktop_notification.win32': Not used on non-Windows systems
[6.820s] INFO:colcon.colcon_notification.desktop_notification:Sending desktop notification using 'notify2'
[6.904s] DEBUG:colcon.colcon_core.event_reactor:joined thread
[6.905s] INFO:colcon.colcon_core.shell:Creating prefix script '/home/baquy4/ros2_ws/install/local_setup.ps1'
[6.915s] INFO:colcon.colcon_core.shell:Creating prefix util module '/home/baquy4/ros2_ws/install/_local_setup_util_ps1.py'
[6.923s] INFO:colcon.colcon_core.shell:Creating prefix chain script '/home/baquy4/ros2_ws/install/setup.ps1'
[6.930s] INFO:colcon.colcon_core.shell:Creating prefix script '/home/baquy4/ros2_ws/install/local_setup.sh'
[6.933s] INFO:colcon.colcon_core.shell:Creating prefix util module '/home/baquy4/ros2_ws/install/_local_setup_util_sh.py'
[6.937s] INFO:colcon.colcon_core.shell:Creating prefix chain script '/home/baquy4/ros2_ws/install/setup.sh'
[6.948s] INFO:colcon.colcon_core.shell:Creating prefix script '/home/baquy4/ros2_ws/install/local_setup.bash'
[6.950s] INFO:colcon.colcon_core.shell:Creating prefix chain script '/home/baquy4/ros2_ws/install/setup.bash'
[6.958s] INFO:colcon.colcon_core.shell:Creating prefix script '/home/baquy4/ros2_ws/install/local_setup.zsh'
[6.964s] INFO:colcon.colcon_core.shell:Creating prefix chain script '/home/baquy4/ros2_ws/install/setup.zsh'
