[0.739s] DEBUG:colcon:Command line arguments: ['/usr/bin/colcon', 'build']
[0.740s] DEBUG:colcon:Parsed command line arguments: Namespace(log_base=None, log_level=None, verb_name='build', build_base='build', install_base='install', merge_install=False, symlink_install=False, test_result_base=None, continue_on_error=False, executor='parallel', parallel_workers=4, event_handlers=None, ignore_user_meta=False, metas=['./colcon.meta'], base_paths=['.'], packages_ignore=None, packages_ignore_regex=None, paths=None, packages_up_to=None, packages_up_to_regex=None, packages_above=None, packages_above_and_dependencies=None, packages_above_depth=None, packages_select_by_dep=None, packages_skip_by_dep=None, packages_skip_up_to=None, packages_select_build_failed=False, packages_skip_build_finished=False, packages_select_test_failures=False, packages_skip_test_passed=False, packages_select=None, packages_skip=None, packages_select_regex=None, packages_skip_regex=None, packages_start=None, packages_end=None, allow_overriding=[], cmake_args=None, cmake_target=None, cmake_target_skip_unavailable=False, cmake_clean_cache=False, cmake_clean_first=False, cmake_force_configure=False, ament_cmake_args=None, catkin_cmake_args=None, catkin_skip_building_tests=False, mixin_files=None, mixin=None, verb_parser=<colcon_mixin.mixin.mixin_argument.MixinArgumentDecorator object at 0xffffb984da20>, verb_extension=<colcon_core.verb.build.BuildVerb object at 0xffffb99f69b0>, main=<bound method BuildVerb.main of <colcon_core.verb.build.BuildVerb object at 0xffffb99f69b0>>, mixin_verb=('build',))
[1.939s] Level 1:colcon.colcon_core.package_discovery:discover_packages(colcon_meta) check parameters
[1.940s] Level 1:colcon.colcon_core.package_discovery:discover_packages(recursive) check parameters
[1.941s] Level 1:colcon.colcon_core.package_discovery:discover_packages(ignore) check parameters
[1.941s] Level 1:colcon.colcon_core.package_discovery:discover_packages(path) check parameters
[1.942s] Level 1:colcon.colcon_core.package_discovery:discover_packages(colcon_meta) discover
[1.942s] Level 1:colcon.colcon_core.package_discovery:discover_packages(recursive) discover
[1.943s] INFO:colcon.colcon_core.package_discovery:Crawling recursively for packages in '/home/baquy4/baq/ros2_ws'
[1.944s] Level 1:colcon.colcon_core.package_identification:_identify(.) by extensions ['ignore', 'ignore_ament_install']
[1.945s] Level 1:colcon.colcon_core.package_identification:_identify(.) by extension 'ignore'
[1.946s] Level 1:colcon.colcon_core.package_identification:_identify(.) by extension 'ignore_ament_install'
[1.947s] Level 1:colcon.colcon_core.package_identification:_identify(.) by extensions ['colcon_pkg']
[1.948s] Level 1:colcon.colcon_core.package_identification:_identify(.) by extension 'colcon_pkg'
[1.948s] Level 1:colcon.colcon_core.package_identification:_identify(.) by extensions ['colcon_meta']
[1.949s] Level 1:colcon.colcon_core.package_identification:_identify(.) by extension 'colcon_meta'
[1.950s] Level 1:colcon.colcon_core.package_identification:_identify(.) by extensions ['ros']
[1.950s] Level 1:colcon.colcon_core.package_identification:_identify(.) by extension 'ros'
[2.046s] Level 1:colcon.colcon_core.package_identification:_identify(.) by extensions ['cmake', 'python']
[2.046s] Level 1:colcon.colcon_core.package_identification:_identify(.) by extension 'cmake'
[2.047s] Level 1:colcon.colcon_core.package_identification:_identify(.) by extension 'python'
[2.048s] Level 1:colcon.colcon_core.package_identification:_identify(.) by extensions ['python_setup_py']
[2.048s] Level 1:colcon.colcon_core.package_identification:_identify(.) by extension 'python_setup_py'
[2.050s] Level 1:colcon.colcon_core.package_identification:_identify(build) by extensions ['ignore', 'ignore_ament_install']
[2.051s] Level 1:colcon.colcon_core.package_identification:_identify(build) by extension 'ignore'
[2.051s] Level 1:colcon.colcon_core.package_identification:_identify(build) ignored
[2.052s] Level 1:colcon.colcon_core.package_identification:_identify(install) by extensions ['ignore', 'ignore_ament_install']
[2.053s] Level 1:colcon.colcon_core.package_identification:_identify(install) by extension 'ignore'
[2.054s] Level 1:colcon.colcon_core.package_identification:_identify(install) ignored
[2.055s] Level 1:colcon.colcon_core.package_identification:_identify(log) by extensions ['ignore', 'ignore_ament_install']
[2.056s] Level 1:colcon.colcon_core.package_identification:_identify(log) by extension 'ignore'
[2.056s] Level 1:colcon.colcon_core.package_identification:_identify(log) ignored
[2.058s] Level 1:colcon.colcon_core.package_identification:_identify(src) by extensions ['ignore', 'ignore_ament_install']
[2.059s] Level 1:colcon.colcon_core.package_identification:_identify(src) by extension 'ignore'
[2.060s] Level 1:colcon.colcon_core.package_identification:_identify(src) by extension 'ignore_ament_install'
[2.060s] Level 1:colcon.colcon_core.package_identification:_identify(src) by extensions ['colcon_pkg']
[2.061s] Level 1:colcon.colcon_core.package_identification:_identify(src) by extension 'colcon_pkg'
[2.062s] Level 1:colcon.colcon_core.package_identification:_identify(src) by extensions ['colcon_meta']
[2.063s] Level 1:colcon.colcon_core.package_identification:_identify(src) by extension 'colcon_meta'
[2.064s] Level 1:colcon.colcon_core.package_identification:_identify(src) by extensions ['ros']
[2.064s] Level 1:colcon.colcon_core.package_identification:_identify(src) by extension 'ros'
[2.065s] Level 1:colcon.colcon_core.package_identification:_identify(src) by extensions ['cmake', 'python']
[2.065s] Level 1:colcon.colcon_core.package_identification:_identify(src) by extension 'cmake'
[2.065s] Level 1:colcon.colcon_core.package_identification:_identify(src) by extension 'python'
[2.066s] Level 1:colcon.colcon_core.package_identification:_identify(src) by extensions ['python_setup_py']
[2.066s] Level 1:colcon.colcon_core.package_identification:_identify(src) by extension 'python_setup_py'
[2.067s] Level 1:colcon.colcon_core.package_identification:_identify(src/line_detector2) by extensions ['ignore', 'ignore_ament_install']
[2.067s] Level 1:colcon.colcon_core.package_identification:_identify(src/line_detector2) by extension 'ignore'
[2.068s] Level 1:colcon.colcon_core.package_identification:_identify(src/line_detector2) by extension 'ignore_ament_install'
[2.068s] Level 1:colcon.colcon_core.package_identification:_identify(src/line_detector2) by extensions ['colcon_pkg']
[2.068s] Level 1:colcon.colcon_core.package_identification:_identify(src/line_detector2) by extension 'colcon_pkg'
[2.069s] Level 1:colcon.colcon_core.package_identification:_identify(src/line_detector2) by extensions ['colcon_meta']
[2.069s] Level 1:colcon.colcon_core.package_identification:_identify(src/line_detector2) by extension 'colcon_meta'
[2.070s] Level 1:colcon.colcon_core.package_identification:_identify(src/line_detector2) by extensions ['ros']
[2.070s] Level 1:colcon.colcon_core.package_identification:_identify(src/line_detector2) by extension 'ros'
[2.085s] DEBUG:colcon.colcon_core.package_identification:Package 'src/line_detector2' with type 'ros.ament_python' and name 'line_detector2'
[2.086s] Level 1:colcon.colcon_core.package_discovery:discover_packages(recursive) using defaults
[2.086s] Level 1:colcon.colcon_core.package_discovery:discover_packages(ignore) discover
[2.086s] Level 1:colcon.colcon_core.package_discovery:discover_packages(ignore) using defaults
[2.086s] Level 1:colcon.colcon_core.package_discovery:discover_packages(path) discover
[2.086s] Level 1:colcon.colcon_core.package_discovery:discover_packages(path) using defaults
[2.256s] Level 1:colcon.colcon_core.package_discovery:discover_packages(prefix_path) check parameters
[2.256s] Level 1:colcon.colcon_core.package_discovery:discover_packages(prefix_path) discover
[2.262s] WARNING:colcon.colcon_ros.prefix_path.ament:The path '/home/baquy4/baq/ros2_ws/install/line_detector2' in the environment variable AMENT_PREFIX_PATH doesn't exist
[2.265s] DEBUG:colcon.colcon_installed_package_information.package_discovery:Found 0 installed packages in /home/baquy4/baq/ros2_ws/install
[2.275s] DEBUG:colcon.colcon_installed_package_information.package_discovery:Found 274 installed packages in /opt/ros/humble
[2.284s] Level 1:colcon.colcon_core.package_discovery:discover_packages(prefix_path) using defaults
[2.485s] Level 5:colcon.colcon_core.verb:set package 'line_detector2' build argument 'cmake_args' from command line to 'None'
[2.485s] Level 5:colcon.colcon_core.verb:set package 'line_detector2' build argument 'cmake_target' from command line to 'None'
[2.485s] Level 5:colcon.colcon_core.verb:set package 'line_detector2' build argument 'cmake_target_skip_unavailable' from command line to 'False'
[2.485s] Level 5:colcon.colcon_core.verb:set package 'line_detector2' build argument 'cmake_clean_cache' from command line to 'False'
[2.485s] Level 5:colcon.colcon_core.verb:set package 'line_detector2' build argument 'cmake_clean_first' from command line to 'False'
[2.485s] Level 5:colcon.colcon_core.verb:set package 'line_detector2' build argument 'cmake_force_configure' from command line to 'False'
[2.485s] Level 5:colcon.colcon_core.verb:set package 'line_detector2' build argument 'ament_cmake_args' from command line to 'None'
[2.486s] Level 5:colcon.colcon_core.verb:set package 'line_detector2' build argument 'catkin_cmake_args' from command line to 'None'
[2.486s] Level 5:colcon.colcon_core.verb:set package 'line_detector2' build argument 'catkin_skip_building_tests' from command line to 'False'
[2.486s] DEBUG:colcon.colcon_core.verb:Building package 'line_detector2' with the following arguments: {'ament_cmake_args': None, 'build_base': '/home/baquy4/baq/ros2_ws/build/line_detector2', 'catkin_cmake_args': None, 'catkin_skip_building_tests': False, 'cmake_args': None, 'cmake_clean_cache': False, 'cmake_clean_first': False, 'cmake_force_configure': False, 'cmake_target': None, 'cmake_target_skip_unavailable': False, 'install_base': '/home/baquy4/baq/ros2_ws/install/line_detector2', 'merge_install': False, 'path': '/home/baquy4/baq/ros2_ws/src/line_detector2', 'symlink_install': False, 'test_result_base': None}
[2.486s] INFO:colcon.colcon_core.executor:Executing jobs using 'parallel' executor
[2.490s] DEBUG:colcon.colcon_parallel_executor.executor.parallel:run_until_complete
[2.491s] INFO:colcon.colcon_ros.task.ament_python.build:Building ROS package in '/home/baquy4/baq/ros2_ws/src/line_detector2' with build type 'ament_python'
[2.492s] Level 1:colcon.colcon_core.shell:create_environment_hook('line_detector2', 'ament_prefix_path')
[2.502s] INFO:colcon.colcon_core.plugin_system:Skipping extension 'colcon_core.shell.bat': Not used on non-Windows systems
[2.504s] INFO:colcon.colcon_core.shell:Creating environment hook '/home/baquy4/baq/ros2_ws/install/line_detector2/share/line_detector2/hook/ament_prefix_path.ps1'
[2.507s] INFO:colcon.colcon_core.shell:Creating environment descriptor '/home/baquy4/baq/ros2_ws/install/line_detector2/share/line_detector2/hook/ament_prefix_path.dsv'
[2.511s] INFO:colcon.colcon_core.shell:Creating environment hook '/home/baquy4/baq/ros2_ws/install/line_detector2/share/line_detector2/hook/ament_prefix_path.sh'
[2.517s] INFO:colcon.colcon_core.shell:Skip shell extension 'powershell' for command environment: Not usable outside of PowerShell
[2.517s] DEBUG:colcon.colcon_core.shell:Skip shell extension 'dsv' for command environment
[3.976s] INFO:colcon.colcon_core.task.python.build:Building Python package in '/home/baquy4/baq/ros2_ws/src/line_detector2'
[3.978s] INFO:colcon.colcon_core.shell:Skip shell extension 'powershell' for command environment: Not usable outside of PowerShell
[3.978s] DEBUG:colcon.colcon_core.shell:Skip shell extension 'dsv' for command environment
[5.925s] DEBUG:colcon.colcon_core.event_handler.log_command:Invoking command in '/home/baquy4/baq/ros2_ws/src/line_detector2': PYTHONPATH=/home/baquy4/baq/ros2_ws/build/line_detector2/prefix_override:/usr/lib/python3/dist-packages/colcon_core/task/python/colcon_distutils_commands:/home/baquy4/baq/ros2_ws/install/line_detector2/lib/python3.10/site-packages:${PYTHONPATH} /usr/bin/python3 -W ignore:setup.py install is deprecated -W ignore:easy_install command is deprecated setup.py egg_info --egg-base ../../build/line_detector2 build --build-base /home/baquy4/baq/ros2_ws/build/line_detector2/build install --record /home/baquy4/baq/ros2_ws/build/line_detector2/install.log --single-version-externally-managed install_data
[7.726s] DEBUG:colcon.colcon_core.event_handler.log_command:Invoked command in '/home/baquy4/baq/ros2_ws/src/line_detector2' returned '0': PYTHONPATH=/home/baquy4/baq/ros2_ws/build/line_detector2/prefix_override:/usr/lib/python3/dist-packages/colcon_core/task/python/colcon_distutils_commands:/home/baquy4/baq/ros2_ws/install/line_detector2/lib/python3.10/site-packages:${PYTHONPATH} /usr/bin/python3 -W ignore:setup.py install is deprecated -W ignore:easy_install command is deprecated setup.py egg_info --egg-base ../../build/line_detector2 build --build-base /home/baquy4/baq/ros2_ws/build/line_detector2/build install --record /home/baquy4/baq/ros2_ws/build/line_detector2/install.log --single-version-externally-managed install_data
[7.737s] Level 1:colcon.colcon_core.environment:checking '/home/baquy4/baq/ros2_ws/install/line_detector2' for CMake module files
[7.740s] Level 1:colcon.colcon_core.environment:checking '/home/baquy4/baq/ros2_ws/install/line_detector2' for CMake config files
[7.745s] Level 1:colcon.colcon_core.environment:checking '/home/baquy4/baq/ros2_ws/install/line_detector2/lib'
[7.747s] Level 1:colcon.colcon_core.environment:checking '/home/baquy4/baq/ros2_ws/install/line_detector2/bin'
[7.748s] Level 1:colcon.colcon_core.environment:checking '/home/baquy4/baq/ros2_ws/install/line_detector2/lib/pkgconfig/line_detector2.pc'
[7.749s] Level 1:colcon.colcon_core.environment:checking '/home/baquy4/baq/ros2_ws/install/line_detector2/lib/python3.10/site-packages'
[7.749s] Level 1:colcon.colcon_core.shell:create_environment_hook('line_detector2', 'pythonpath')
[7.750s] INFO:colcon.colcon_core.shell:Creating environment hook '/home/baquy4/baq/ros2_ws/install/line_detector2/share/line_detector2/hook/pythonpath.ps1'
[7.752s] INFO:colcon.colcon_core.shell:Creating environment descriptor '/home/baquy4/baq/ros2_ws/install/line_detector2/share/line_detector2/hook/pythonpath.dsv'
[7.753s] INFO:colcon.colcon_core.shell:Creating environment hook '/home/baquy4/baq/ros2_ws/install/line_detector2/share/line_detector2/hook/pythonpath.sh'
[7.756s] Level 1:colcon.colcon_core.environment:checking '/home/baquy4/baq/ros2_ws/install/line_detector2/bin'
[7.756s] Level 1:colcon.colcon_core.environment:create_environment_scripts_only(line_detector2)
[7.757s] INFO:colcon.colcon_core.shell:Creating package script '/home/baquy4/baq/ros2_ws/install/line_detector2/share/line_detector2/package.ps1'
[7.761s] INFO:colcon.colcon_core.shell:Creating package descriptor '/home/baquy4/baq/ros2_ws/install/line_detector2/share/line_detector2/package.dsv'
[7.763s] INFO:colcon.colcon_core.shell:Creating package script '/home/baquy4/baq/ros2_ws/install/line_detector2/share/line_detector2/package.sh'
[7.767s] INFO:colcon.colcon_core.shell:Creating package script '/home/baquy4/baq/ros2_ws/install/line_detector2/share/line_detector2/package.bash'
[7.770s] INFO:colcon.colcon_core.shell:Creating package script '/home/baquy4/baq/ros2_ws/install/line_detector2/share/line_detector2/package.zsh'
[7.773s] Level 1:colcon.colcon_core.environment:create_file_with_runtime_dependencies(/home/baquy4/baq/ros2_ws/install/line_detector2/share/colcon-core/packages/line_detector2)
[7.774s] DEBUG:colcon.colcon_parallel_executor.executor.parallel:closing loop
[7.775s] DEBUG:colcon.colcon_parallel_executor.executor.parallel:loop closed
[7.776s] DEBUG:colcon.colcon_parallel_executor.executor.parallel:run_until_complete finished with '0'
[7.777s] DEBUG:colcon.colcon_core.event_reactor:joining thread
[7.803s] INFO:colcon.colcon_core.plugin_system:Skipping extension 'colcon_notification.desktop_notification.terminal_notifier': Not used on non-Darwin systems
[7.803s] INFO:colcon.colcon_core.plugin_system:Skipping extension 'colcon_notification.desktop_notification.win32': Not used on non-Windows systems
[7.803s] INFO:colcon.colcon_notification.desktop_notification:Sending desktop notification using 'notify2'
[7.857s] DEBUG:colcon.colcon_core.event_reactor:joined thread
[7.858s] INFO:colcon.colcon_core.shell:Creating prefix script '/home/baquy4/baq/ros2_ws/install/local_setup.ps1'
[7.863s] INFO:colcon.colcon_core.shell:Creating prefix util module '/home/baquy4/baq/ros2_ws/install/_local_setup_util_ps1.py'
[7.870s] INFO:colcon.colcon_core.shell:Creating prefix chain script '/home/baquy4/baq/ros2_ws/install/setup.ps1'
[7.878s] INFO:colcon.colcon_core.shell:Creating prefix script '/home/baquy4/baq/ros2_ws/install/local_setup.sh'
[7.885s] INFO:colcon.colcon_core.shell:Creating prefix util module '/home/baquy4/baq/ros2_ws/install/_local_setup_util_sh.py'
[7.889s] INFO:colcon.colcon_core.shell:Creating prefix chain script '/home/baquy4/baq/ros2_ws/install/setup.sh'
[7.895s] INFO:colcon.colcon_core.shell:Creating prefix script '/home/baquy4/baq/ros2_ws/install/local_setup.bash'
[7.898s] INFO:colcon.colcon_core.shell:Creating prefix chain script '/home/baquy4/baq/ros2_ws/install/setup.bash'
[7.903s] INFO:colcon.colcon_core.shell:Creating prefix script '/home/baquy4/baq/ros2_ws/install/local_setup.zsh'
[7.908s] INFO:colcon.colcon_core.shell:Creating prefix chain script '/home/baquy4/baq/ros2_ws/install/setup.zsh'
