running egg_info
creating ../../build/line_detector2/line_detector2.egg-info
writing ../../build/line_detector2/line_detector2.egg-info/PKG-INFO
writing dependency_links to ../../build/line_detector2/line_detector2.egg-info/dependency_links.txt
writing entry points to ../../build/line_detector2/line_detector2.egg-info/entry_points.txt
writing requirements to ../../build/line_detector2/line_detector2.egg-info/requires.txt
writing top-level names to ../../build/line_detector2/line_detector2.egg-info/top_level.txt
writing manifest file '../../build/line_detector2/line_detector2.egg-info/SOURCES.txt'
reading manifest file '../../build/line_detector2/line_detector2.egg-info/SOURCES.txt'
writing manifest file '../../build/line_detector2/line_detector2.egg-info/SOURCES.txt'
running build
running build_py
creating /home/baquy4/baq/ros2_ws/build/line_detector2/build
creating /home/baquy4/baq/ros2_ws/build/line_detector2/build/lib
creating /home/baquy4/baq/ros2_ws/build/line_detector2/build/lib/line_detector2
copying line_detector2/__init__.py -> /home/baquy4/baq/ros2_ws/build/line_detector2/build/lib/line_detector2
copying line_detector2/line_detector_node2.py -> /home/baquy4/baq/ros2_ws/build/line_detector2/build/lib/line_detector2
running install
running install_lib
creating /home/baquy4/baq/ros2_ws/install/line_detector2/lib/python3.10/site-packages/line_detector2
copying /home/baquy4/baq/ros2_ws/build/line_detector2/build/lib/line_detector2/__init__.py -> /home/baquy4/baq/ros2_ws/install/line_detector2/lib/python3.10/site-packages/line_detector2
copying /home/baquy4/baq/ros2_ws/build/line_detector2/build/lib/line_detector2/line_detector_node2.py -> /home/baquy4/baq/ros2_ws/install/line_detector2/lib/python3.10/site-packages/line_detector2
byte-compiling /home/baquy4/baq/ros2_ws/install/line_detector2/lib/python3.10/site-packages/line_detector2/__init__.py to __init__.cpython-310.pyc
byte-compiling /home/baquy4/baq/ros2_ws/install/line_detector2/lib/python3.10/site-packages/line_detector2/line_detector_node2.py to line_detector_node2.cpython-310.pyc
running install_data
creating /home/baquy4/baq/ros2_ws/install/line_detector2/share/ament_index
creating /home/baquy4/baq/ros2_ws/install/line_detector2/share/ament_index/resource_index
creating /home/baquy4/baq/ros2_ws/install/line_detector2/share/ament_index/resource_index/packages
copying resource/line_detector2 -> /home/baquy4/baq/ros2_ws/install/line_detector2/share/ament_index/resource_index/packages
copying package.xml -> /home/baquy4/baq/ros2_ws/install/line_detector2/share/line_detector2
running install_egg_info
Copying ../../build/line_detector2/line_detector2.egg-info to /home/baquy4/baq/ros2_ws/install/line_detector2/lib/python3.10/site-packages/line_detector2-0.0.0-py3.10.egg-info
running install_scripts
Installing line_detector_node2 script to /home/baquy4/baq/ros2_ws/install/line_detector2/lib/line_detector2
writing list of installed files to '/home/baquy4/baq/ros2_ws/build/line_detector2/install.log'
